c:\users\zahar\source\repos\project7_1\project7_1\x64\debug\vc142.pdb
c:\users\zahar\source\repos\project7_1\project7_1\x64\debug\vc142.idb
c:\users\zahar\source\repos\project7_1\project7_1\x64\debug\main.obj
c:\users\zahar\source\repos\project7_1\x64\debug\project7_1.pdb
c:\users\zahar\source\repos\project7_1\project7_1\x64\debug\project7_1.tlog\cl.command.1.tlog
c:\users\zahar\source\repos\project7_1\project7_1\x64\debug\project7_1.tlog\cl.read.1.tlog
c:\users\zahar\source\repos\project7_1\project7_1\x64\debug\project7_1.tlog\cl.write.1.tlog
c:\users\zahar\source\repos\project7_1\project7_1\x64\debug\project7_1.tlog\link-cvtres.read.1.tlog
c:\users\zahar\source\repos\project7_1\project7_1\x64\debug\project7_1.tlog\link-cvtres.write.1.tlog
c:\users\zahar\source\repos\project7_1\project7_1\x64\debug\project7_1.tlog\link-rc.read.1.tlog
c:\users\zahar\source\repos\project7_1\project7_1\x64\debug\project7_1.tlog\link-rc.write.1.tlog
c:\users\zahar\source\repos\project7_1\project7_1\x64\debug\project7_1.tlog\link.20812-cvtres.read.1.tlog
c:\users\zahar\source\repos\project7_1\project7_1\x64\debug\project7_1.tlog\link.20812-cvtres.write.1.tlog
c:\users\zahar\source\repos\project7_1\project7_1\x64\debug\project7_1.tlog\link.20812-rc.read.1.tlog
c:\users\zahar\source\repos\project7_1\project7_1\x64\debug\project7_1.tlog\link.20812-rc.write.1.tlog
c:\users\zahar\source\repos\project7_1\project7_1\x64\debug\project7_1.tlog\link.20812.read.1.tlog
c:\users\zahar\source\repos\project7_1\project7_1\x64\debug\project7_1.tlog\link.20812.write.1.tlog
c:\users\zahar\source\repos\project7_1\project7_1\x64\debug\project7_1.tlog\link.command.1.tlog
c:\users\zahar\source\repos\project7_1\project7_1\x64\debug\project7_1.tlog\link.read.1.tlog
c:\users\zahar\source\repos\project7_1\project7_1\x64\debug\project7_1.tlog\link.write.1.tlog
