  Main.cpp
C:\Users\User\source\repos\ConsoleApplication9\ConsoleApplication9\Main.cpp(25,30): warning C4244: аргумент: преобразование "int" в "T", возможна потеря данных
          with
          [
              T=float
          ]
C:\Users\User\source\repos\ConsoleApplication9\ConsoleApplication9\Main.cpp(25,22): warning C4244: аргумент: преобразование "int" в "T", возможна потеря данных
          with
          [
              T=float
          ]
C:\Users\User\source\repos\ConsoleApplication9\ConsoleApplication9\Main.cpp(27,18): warning C4244: аргумент: преобразование "int" в "float", возможна потеря данных
C:\Users\User\source\repos\ConsoleApplication9\ConsoleApplication9\Main.cpp(29,21): warning C4244: аргумент: преобразование "int" в "float", возможна потеря данных
C:\Users\User\source\repos\ConsoleApplication9\ConsoleApplication9\Main.cpp(32,21): warning C4244: аргумент: преобразование "int" в "float", возможна потеря данных
C:\Users\User\source\repos\ConsoleApplication9\ConsoleApplication9\Main.cpp(34,18): warning C4244: аргумент: преобразование "int" в "float", возможна потеря данных
C:\Users\User\source\repos\ConsoleApplication9\ConsoleApplication9\Main.cpp(43,19): warning C4244: аргумент: преобразование "int" в "float", возможна потеря данных
C:\Users\User\source\repos\ConsoleApplication9\ConsoleApplication9\Main.cpp(45,19): warning C4305: аргумент: усечение из "double" в "float"
C:\Users\User\source\repos\ConsoleApplication9\ConsoleApplication9\Main.cpp(48,19): warning C4244: аргумент: преобразование "int" в "float", возможна потеря данных
C:\Users\User\source\repos\ConsoleApplication9\ConsoleApplication9\Main.cpp(50,15): warning C4244: аргумент: преобразование "int" в "float", возможна потеря данных
C:\Users\User\source\repos\ConsoleApplication9\ConsoleApplication9\Main.cpp(54,29): warning C4244: аргумент: преобразование "int" в "T", возможна потеря данных
          with
          [
              T=float
          ]
C:\Users\User\source\repos\ConsoleApplication9\ConsoleApplication9\Main.cpp(54,21): warning C4244: аргумент: преобразование "int" в "T", возможна потеря данных
          with
          [
              T=float
          ]
C:\Users\User\source\repos\ConsoleApplication9\ConsoleApplication9\Main.cpp(82,21): warning C4244: аргумент: преобразование "int" в "float", возможна потеря данных
C:\Users\User\source\repos\ConsoleApplication9\ConsoleApplication9\Main.cpp(84,23): warning C4305: аргумент: усечение из "double" в "float"
C:\Users\User\source\repos\ConsoleApplication9\ConsoleApplication9\Main.cpp(86,19): warning C4244: аргумент: преобразование "int" в "float", возможна потеря данных
C:\Users\User\source\repos\ConsoleApplication9\ConsoleApplication9\Main.cpp(101,16): warning C4244: инициализация: преобразование "double" в "float", возможна потеря данных
C:\Users\User\source\repos\ConsoleApplication9\ConsoleApplication9\Main.cpp(105,23): warning C4305: аргумент: усечение из "double" в "float"
  ConsoleApplication9.vcxproj -> C:\Users\User\source\repos\ConsoleApplication9\x64\Debug\ConsoleApplication9.exe
